[93mWARNING [0m:   DEPRECATED FEATURE: flwr.client.start_numpy_client() is deprecated. 
	Instead, use `flwr.client.start_client()` by ensuring you first call the `.to_client()` method as shown below: 
	flwr.client.start_client(
		server_address='<IP>:<PORT>',
		client=FlowerClient().to_client(), # <-- where FlowerClient is of type flwr.client.NumPyClient object
	)
	Using `start_numpy_client()` is deprecated.

            This is a deprecated feature. It will be removed
            entirely in future versions of Flower.
        
[93mWARNING [0m:   DEPRECATED FEATURE: flwr.client.start_client() is deprecated.
	Instead, use the `flower-supernode` CLI command to start a SuperNode as shown below:

		$ flower-supernode --insecure --superlink='<IP>:<PORT>'

	To view all available options, run:

		$ flower-supernode --help

	Using `start_client()` is deprecated.

            This is a deprecated feature. It will be removed
            entirely in future versions of Flower.
        
[92mINFO [0m:      
[92mINFO [0m:      Received: get_parameters message 929165ad-f93c-4400-ac6f-8e7ee39f60d5
[92mINFO [0m:      Sent reply
[92mINFO [0m:      
[92mINFO [0m:      Received: train message 46e82e0d-bc89-4deb-b851-eaeb46250c2e
C:\Users\aishw\codered5\run_hospital_a_client_enhanced.py:78: UserWarning: To copy construct from a tensor, it is recommended to use sourceTensor.detach().clone() or sourceTensor.detach().clone().requires_grad_(True), rather than torch.tensor(sourceTensor).
  params_dict = dict(zip(self.model.state_dict().keys(), [torch.tensor(p) for p in self.global_params]))
[92mINFO [0m:      Sent reply
[92mINFO [0m:      
[92mINFO [0m:      Received: evaluate message 0ed0021f-1b38-4876-bdee-60dfa5a6ad5d
[92mINFO [0m:      Sent reply
[92mINFO [0m:      
[92mINFO [0m:      Received: train message 62fff721-e2e7-447f-8087-f98adef12913
C:\Users\aishw\codered5\run_hospital_a_client_enhanced.py:78: UserWarning: To copy construct from a tensor, it is recommended to use sourceTensor.detach().clone() or sourceTensor.detach().clone().requires_grad_(True), rather than torch.tensor(sourceTensor).
  params_dict = dict(zip(self.model.state_dict().keys(), [torch.tensor(p) for p in self.global_params]))
[92mINFO [0m:      Sent reply
[92mINFO [0m:      
[92mINFO [0m:      Received: evaluate message e832115c-8cc9-4244-8f53-72d9be2ab2c2
[92mINFO [0m:      Sent reply
[92mINFO [0m:      
[92mINFO [0m:      Received: train message d18e619b-70be-4706-bc4c-64f8e02a9e25
C:\Users\aishw\codered5\run_hospital_a_client_enhanced.py:78: UserWarning: To copy construct from a tensor, it is recommended to use sourceTensor.detach().clone() or sourceTensor.detach().clone().requires_grad_(True), rather than torch.tensor(sourceTensor).
  params_dict = dict(zip(self.model.state_dict().keys(), [torch.tensor(p) for p in self.global_params]))
[92mINFO [0m:      Sent reply
[92mINFO [0m:      
[92mINFO [0m:      Received: evaluate message 1c7eccaa-945c-4937-8724-187829f03df9
[92mINFO [0m:      Sent reply
[92mINFO [0m:      
[92mINFO [0m:      Received: reconnect message 2c55d634-4a2f-4914-b5c7-f27b822cbbcd
[92mINFO [0m:      Disconnect and shut down
Hospital A Client Starting...
Loading real data from c:\Users\aishw\codered5\src\hospital_a\data...
Data Shapes: X=torch.Size([17418, 1000, 12]), Y=torch.Size([17418, 5])
DEBUG: Hospital A Model Architecture:
UnifiedFLModel(
  (net): Sequential(
    (0): Linear(in_features=1200, out_features=256, bias=True)
    (1): ReLU()
    (2): BatchNorm1d(256, eps=1e-05, momentum=0.1, affine=True, track_running_stats=True)
    (3): Dropout(p=0.2, inplace=False)
    (4): Linear(in_features=256, out_features=128, bias=True)
    (5): ReLU()
    (6): BatchNorm1d(128, eps=1e-05, momentum=0.1, affine=True, track_running_stats=True)
    (7): Dropout(p=0.2, inplace=False)
    (8): Linear(in_features=128, out_features=5, bias=True)
  )
)
Hospital A - Round 1 Training
  Training complete. Loss: 0.6837, AUROC: 0.6813
Hospital A - Round 2 Training
  Training complete. Loss: 0.6285, AUROC: 0.6948
Hospital A - Round 3 Training
  Training complete. Loss: 0.5959, AUROC: 0.7061
