[93mWARNING [0m:   DEPRECATED FEATURE: flwr.client.start_numpy_client() is deprecated. 
	Instead, use `flwr.client.start_client()` by ensuring you first call the `.to_client()` method as shown below: 
	flwr.client.start_client(
		server_address='<IP>:<PORT>',
		client=FlowerClient().to_client(), # <-- where FlowerClient is of type flwr.client.NumPyClient object
	)
	Using `start_numpy_client()` is deprecated.

            This is a deprecated feature. It will be removed
            entirely in future versions of Flower.
        
[93mWARNING [0m:   DEPRECATED FEATURE: flwr.client.start_client() is deprecated.
	Instead, use the `flower-supernode` CLI command to start a SuperNode as shown below:

		$ flower-supernode --insecure --superlink='<IP>:<PORT>'

	To view all available options, run:

		$ flower-supernode --help

	Using `start_client()` is deprecated.

            This is a deprecated feature. It will be removed
            entirely in future versions of Flower.
        
[92mINFO [0m:      
[92mINFO [0m:      Received: train message 1ef55070-8e65-4205-9a1d-d69d22463da7
C:\Users\aishw\codered5\run_hospital_c_client_enhanced.py:71: UserWarning: To copy construct from a tensor, it is recommended to use sourceTensor.detach().clone() or sourceTensor.detach().clone().requires_grad_(True), rather than torch.tensor(sourceTensor).
  params_dict = dict(zip(self.model.state_dict().keys(), [torch.tensor(p) for p in self.global_params]))
C:\Users\aishw\AppData\Roaming\Python\Python313\site-packages\sklearn\metrics\_ranking.py:424: UndefinedMetricWarning: Only one class is present in y_true. ROC AUC score is not defined in that case.
  warnings.warn(
[92mINFO [0m:      Sent reply
[92mINFO [0m:      
[92mINFO [0m:      Received: evaluate message 2c96d1a9-7297-433f-82ed-1e3a48103cc5
C:\Users\aishw\AppData\Roaming\Python\Python313\site-packages\sklearn\metrics\_ranking.py:424: UndefinedMetricWarning: Only one class is present in y_true. ROC AUC score is not defined in that case.
  warnings.warn(
[92mINFO [0m:      Sent reply
[92mINFO [0m:      
[92mINFO [0m:      Received: train message 51056b7f-39f6-453f-af60-a881dbeabf2b
C:\Users\aishw\codered5\run_hospital_c_client_enhanced.py:71: UserWarning: To copy construct from a tensor, it is recommended to use sourceTensor.detach().clone() or sourceTensor.detach().clone().requires_grad_(True), rather than torch.tensor(sourceTensor).
  params_dict = dict(zip(self.model.state_dict().keys(), [torch.tensor(p) for p in self.global_params]))
C:\Users\aishw\AppData\Roaming\Python\Python313\site-packages\sklearn\metrics\_ranking.py:424: UndefinedMetricWarning: Only one class is present in y_true. ROC AUC score is not defined in that case.
  warnings.warn(
[92mINFO [0m:      Sent reply
[92mINFO [0m:      
[92mINFO [0m:      Received: evaluate message 45cfa626-2681-4511-badd-181b419a44c0
C:\Users\aishw\AppData\Roaming\Python\Python313\site-packages\sklearn\metrics\_ranking.py:424: UndefinedMetricWarning: Only one class is present in y_true. ROC AUC score is not defined in that case.
  warnings.warn(
[92mINFO [0m:      Sent reply
[92mINFO [0m:      
[92mINFO [0m:      Received: train message 801fe7e3-201d-4070-a1b7-aa42d71e2cea
C:\Users\aishw\codered5\run_hospital_c_client_enhanced.py:71: UserWarning: To copy construct from a tensor, it is recommended to use sourceTensor.detach().clone() or sourceTensor.detach().clone().requires_grad_(True), rather than torch.tensor(sourceTensor).
  params_dict = dict(zip(self.model.state_dict().keys(), [torch.tensor(p) for p in self.global_params]))
C:\Users\aishw\AppData\Roaming\Python\Python313\site-packages\sklearn\metrics\_ranking.py:424: UndefinedMetricWarning: Only one class is present in y_true. ROC AUC score is not defined in that case.
  warnings.warn(
[92mINFO [0m:      Sent reply
[92mINFO [0m:      
[92mINFO [0m:      Received: evaluate message ab06e7cb-ef3d-4d84-9802-0975cf223a07
C:\Users\aishw\AppData\Roaming\Python\Python313\site-packages\sklearn\metrics\_ranking.py:424: UndefinedMetricWarning: Only one class is present in y_true. ROC AUC score is not defined in that case.
  warnings.warn(
[92mINFO [0m:      Sent reply
[92mINFO [0m:      
[92mINFO [0m:      Received: reconnect message 9b353248-8c46-4ff4-8a32-a89298547858
[92mINFO [0m:      Disconnect and shut down
Hospital C - X-ray/Images FL Client
Loading real data from c:\Users\aishw\codered5\data\hospital_c...
Data Loaded. Train: 4000, Val: 1000
[WARN] AUROC is NaN. Returning 0.5 fallback.
[WARN] AUROC is NaN. Returning 0.5 fallback.
[WARN] AUROC is NaN. Returning 0.5 fallback.
[WARN] AUROC is NaN. Returning 0.5 fallback.
[WARN] AUROC is NaN. Returning 0.5 fallback.
[WARN] AUROC is NaN. Returning 0.5 fallback.
