[93mWARNING [0m:   DEPRECATED FEATURE: flwr.client.start_numpy_client() is deprecated. 
	Instead, use `flwr.client.start_client()` by ensuring you first call the `.to_client()` method as shown below: 
	flwr.client.start_client(
		server_address='<IP>:<PORT>',
		client=FlowerClient().to_client(), # <-- where FlowerClient is of type flwr.client.NumPyClient object
	)
	Using `start_numpy_client()` is deprecated.

            This is a deprecated feature. It will be removed
            entirely in future versions of Flower.
        
[93mWARNING [0m:   DEPRECATED FEATURE: flwr.client.start_client() is deprecated.
	Instead, use the `flower-supernode` CLI command to start a SuperNode as shown below:

		$ flower-supernode --insecure --superlink='<IP>:<PORT>'

	To view all available options, run:

		$ flower-supernode --help

	Using `start_client()` is deprecated.

            This is a deprecated feature. It will be removed
            entirely in future versions of Flower.
        
[92mINFO [0m:      
[92mINFO [0m:      Received: train message 5ccd4e88-d2fd-41d4-872c-439f4ae046ff
C:\Users\aishw\codered5\run_hospital_d_client_enhanced.py:73: UserWarning: To copy construct from a tensor, it is recommended to use sourceTensor.detach().clone() or sourceTensor.detach().clone().requires_grad_(True), rather than torch.tensor(sourceTensor).
  params_dict = dict(zip(self.model.state_dict().keys(), [torch.tensor(p) for p in self.global_params]))
[92mINFO [0m:      Sent reply
[92mINFO [0m:      
[92mINFO [0m:      Received: evaluate message fbc28a88-a660-4d48-a2c5-9cf074632c02
[92mINFO [0m:      Sent reply
[92mINFO [0m:      
[92mINFO [0m:      Received: train message 159e57ee-1236-48ab-8111-418688067a28
C:\Users\aishw\codered5\run_hospital_d_client_enhanced.py:73: UserWarning: To copy construct from a tensor, it is recommended to use sourceTensor.detach().clone() or sourceTensor.detach().clone().requires_grad_(True), rather than torch.tensor(sourceTensor).
  params_dict = dict(zip(self.model.state_dict().keys(), [torch.tensor(p) for p in self.global_params]))
[92mINFO [0m:      Sent reply
[92mINFO [0m:      
[92mINFO [0m:      Received: evaluate message b2d8a971-e627-4afa-9556-a79a7ccc4843
[92mINFO [0m:      Sent reply
[92mINFO [0m:      
[92mINFO [0m:      Received: train message 364a9b99-d394-4691-ad57-19a3e8238399
C:\Users\aishw\codered5\run_hospital_d_client_enhanced.py:73: UserWarning: To copy construct from a tensor, it is recommended to use sourceTensor.detach().clone() or sourceTensor.detach().clone().requires_grad_(True), rather than torch.tensor(sourceTensor).
  params_dict = dict(zip(self.model.state_dict().keys(), [torch.tensor(p) for p in self.global_params]))
[92mINFO [0m:      Sent reply
[92mINFO [0m:      
[92mINFO [0m:      Received: evaluate message 64928bdb-a424-4581-a02b-76c49850ee6f
[92mINFO [0m:      Sent reply
[92mINFO [0m:      
[92mINFO [0m:      Received: reconnect message 7ac70459-1ff3-44d1-bf2e-81b333115e2c
[92mINFO [0m:      Disconnect and shut down
Hospital D Client Starting...
Loading real data from c:\Users\aishw\codered5\src\hospital_d\data...
Data Shapes: X=torch.Size([2400, 1000, 12]), Y=torch.Size([2400, 5])
Hospital D - Round 1 Training
  Training complete. AUROC: 0.5752
Hospital D - Round 2 Training
  Training complete. AUROC: 0.6008
Hospital D - Round 3 Training
  Training complete. AUROC: 0.6545
