[93mWARNING [0m:   DEPRECATED FEATURE: flwr.client.start_numpy_client() is deprecated. 
	Instead, use `flwr.client.start_client()` by ensuring you first call the `.to_client()` method as shown below: 
	flwr.client.start_client(
		server_address='<IP>:<PORT>',
		client=FlowerClient().to_client(), # <-- where FlowerClient is of type flwr.client.NumPyClient object
	)
	Using `start_numpy_client()` is deprecated.

            This is a deprecated feature. It will be removed
            entirely in future versions of Flower.
        
[93mWARNING [0m:   DEPRECATED FEATURE: flwr.client.start_client() is deprecated.
	Instead, use the `flower-supernode` CLI command to start a SuperNode as shown below:

		$ flower-supernode --insecure --superlink='<IP>:<PORT>'

	To view all available options, run:

		$ flower-supernode --help

	Using `start_client()` is deprecated.

            This is a deprecated feature. It will be removed
            entirely in future versions of Flower.
        
[92mINFO [0m:      
[92mINFO [0m:      Received: train message 0f76deb6-428f-40d1-8976-dc1141a4b745
C:\Users\aishw\codered5\run_hospital_b_client_enhanced.py:69: UserWarning: To copy construct from a tensor, it is recommended to use sourceTensor.detach().clone() or sourceTensor.detach().clone().requires_grad_(True), rather than torch.tensor(sourceTensor).
  params_dict = dict(zip(self.model.state_dict().keys(), [torch.tensor(p) for p in self.global_params]))
C:\Users\aishw\AppData\Roaming\Python\Python313\site-packages\sklearn\metrics\_ranking.py:424: UndefinedMetricWarning: Only one class is present in y_true. ROC AUC score is not defined in that case.
  warnings.warn(
[92mINFO [0m:      Sent reply
[92mINFO [0m:      
[92mINFO [0m:      Received: evaluate message be9730ad-c04d-46f8-973e-b7b95cffbaff
C:\Users\aishw\AppData\Roaming\Python\Python313\site-packages\sklearn\metrics\_ranking.py:424: UndefinedMetricWarning: Only one class is present in y_true. ROC AUC score is not defined in that case.
  warnings.warn(
[92mINFO [0m:      Sent reply
[92mINFO [0m:      
[92mINFO [0m:      Received: train message f615828b-cf6f-4961-9f30-4c1a8ec37481
C:\Users\aishw\codered5\run_hospital_b_client_enhanced.py:69: UserWarning: To copy construct from a tensor, it is recommended to use sourceTensor.detach().clone() or sourceTensor.detach().clone().requires_grad_(True), rather than torch.tensor(sourceTensor).
  params_dict = dict(zip(self.model.state_dict().keys(), [torch.tensor(p) for p in self.global_params]))
C:\Users\aishw\AppData\Roaming\Python\Python313\site-packages\sklearn\metrics\_ranking.py:424: UndefinedMetricWarning: Only one class is present in y_true. ROC AUC score is not defined in that case.
  warnings.warn(
[92mINFO [0m:      Sent reply
[92mINFO [0m:      
[92mINFO [0m:      Received: evaluate message 6b22c5c6-5bd6-464f-a014-eb4eacf0423b
C:\Users\aishw\AppData\Roaming\Python\Python313\site-packages\sklearn\metrics\_ranking.py:424: UndefinedMetricWarning: Only one class is present in y_true. ROC AUC score is not defined in that case.
  warnings.warn(
[92mINFO [0m:      Sent reply
[92mINFO [0m:      
[92mINFO [0m:      Received: train message ac9bb383-ab50-45ba-9a32-aea47aaa002d
C:\Users\aishw\codered5\run_hospital_b_client_enhanced.py:69: UserWarning: To copy construct from a tensor, it is recommended to use sourceTensor.detach().clone() or sourceTensor.detach().clone().requires_grad_(True), rather than torch.tensor(sourceTensor).
  params_dict = dict(zip(self.model.state_dict().keys(), [torch.tensor(p) for p in self.global_params]))
C:\Users\aishw\AppData\Roaming\Python\Python313\site-packages\sklearn\metrics\_ranking.py:424: UndefinedMetricWarning: Only one class is present in y_true. ROC AUC score is not defined in that case.
  warnings.warn(
[92mINFO [0m:      Sent reply
[92mINFO [0m:      
[92mINFO [0m:      Received: evaluate message 5ab65386-4c45-418c-bafa-24c64b52085b
C:\Users\aishw\AppData\Roaming\Python\Python313\site-packages\sklearn\metrics\_ranking.py:424: UndefinedMetricWarning: Only one class is present in y_true. ROC AUC score is not defined in that case.
  warnings.warn(
[92mINFO [0m:      Sent reply
[92mINFO [0m:      
[92mINFO [0m:      Received: reconnect message e345bc90-f106-4e60-b1ff-f4c466353e1f
[92mINFO [0m:      Disconnect and shut down
Hospital B - Vitals/Tabular FL Client
Loading real data from c:\Users\aishw\codered5\data\hospital_b\processed_vitals.csv...
[ERROR] AUROC Error: 'charmap' codec can't encode characters in position 0-1: character maps to <undefined>
[ERROR] AUROC Error: 'charmap' codec can't encode characters in position 0-1: character maps to <undefined>
[ERROR] AUROC Error: 'charmap' codec can't encode characters in position 0-1: character maps to <undefined>
[ERROR] AUROC Error: 'charmap' codec can't encode characters in position 0-1: character maps to <undefined>
[ERROR] AUROC Error: 'charmap' codec can't encode characters in position 0-1: character maps to <undefined>
[ERROR] AUROC Error: 'charmap' codec can't encode characters in position 0-1: character maps to <undefined>
