[93mWARNING [0m:   DEPRECATED FEATURE: flwr.client.start_numpy_client() is deprecated. 
	Instead, use `flwr.client.start_client()` by ensuring you first call the `.to_client()` method as shown below: 
	flwr.client.start_client(
		server_address='<IP>:<PORT>',
		client=FlowerClient().to_client(), # <-- where FlowerClient is of type flwr.client.NumPyClient object
	)
	Using `start_numpy_client()` is deprecated.

            This is a deprecated feature. It will be removed
            entirely in future versions of Flower.
        
[93mWARNING [0m:   DEPRECATED FEATURE: flwr.client.start_client() is deprecated.
	Instead, use the `flower-supernode` CLI command to start a SuperNode as shown below:

		$ flower-supernode --insecure --superlink='<IP>:<PORT>'

	To view all available options, run:

		$ flower-supernode --help

	Using `start_client()` is deprecated.

            This is a deprecated feature. It will be removed
            entirely in future versions of Flower.
        
[92mINFO [0m:      
[92mINFO [0m:      Received: evaluate message a6cd94d3-fd80-4bcf-af78-97f6253d108e
[91mERROR [0m:     Client raised an exception.
Traceback (most recent call last):
  File "C:\Users\aishw\AppData\Roaming\Python\Python313\site-packages\flwr\compat\client\app.py", line 467, in start_client_internal
    reply_message = client_app(message=message, context=context)
  File "C:\Users\aishw\AppData\Roaming\Python\Python313\site-packages\flwr\clientapp\client_app.py", line 143, in __call__
    return self._call(message, context)
           ~~~~~~~~~~^^^^^^^^^^^^^^^^^^
  File "C:\Users\aishw\AppData\Roaming\Python\Python313\site-packages\flwr\clientapp\client_app.py", line 127, in ffn
    out_message = handle_legacy_message_from_msgtype(
        client_fn=client_fn, message=message, context=context
    )
  File "C:\Users\aishw\AppData\Roaming\Python\Python313\site-packages\flwr\client\message_handler\message_handler.py", line 135, in handle_legacy_message_from_msgtype
    evaluate_res = maybe_call_evaluate(
        client=client,
        evaluate_ins=recorddict_to_evaluateins(message.content, keep_input=True),
    )
  File "C:\Users\aishw\AppData\Roaming\Python\Python313\site-packages\flwr\client\client.py", line 244, in maybe_call_evaluate
    return client.evaluate(evaluate_ins)
           ~~~~~~~~~~~~~~~^^^^^^^^^^^^^^
  File "C:\Users\aishw\AppData\Roaming\Python\Python313\site-packages\flwr\client\numpy_client.py", line 251, in _evaluate
    results = self.numpy_client.evaluate(parameters, ins.config)  # type: ignore
  File "C:\Users\aishw\codered5\run_hospital_c_client_enhanced.py", line 98, in evaluate
    total_loss += criterion(output, target).item()
                  ~~~~~~~~~^^^^^^^^^^^^^^^^
  File "C:\Users\aishw\AppData\Roaming\Python\Python313\site-packages\torch\nn\modules\module.py", line 1751, in _wrapped_call_impl
    return self._call_impl(*args, **kwargs)
           ~~~~~~~~~~~~~~~^^^^^^^^^^^^^^^^^
  File "C:\Users\aishw\AppData\Roaming\Python\Python313\site-packages\torch\nn\modules\module.py", line 1762, in _call_impl
    return forward_call(*args, **kwargs)
  File "C:\Users\aishw\AppData\Roaming\Python\Python313\site-packages\torch\nn\modules\loss.py", line 821, in forward
    return F.binary_cross_entropy_with_logits(
           ~~~~~~~~~~~~~~~~~~~~~~~~~~~~~~~~~~^
        input,
        ^^^^^^
    ...<3 lines>...
        reduction=self.reduction,
        ^^^^^^^^^^^^^^^^^^^^^^^^^
    )
    ^
  File "C:\Users\aishw\AppData\Roaming\Python\Python313\site-packages\torch\nn\functional.py", line 3639, in binary_cross_entropy_with_logits
    raise ValueError(
        f"Target size ({target.size()}) must be the same as input size ({input.size()})"
    )
ValueError: Target size (torch.Size([16, 14])) must be the same as input size (torch.Size([16, 5]))
Hospital C - X-ray/Images FL Client
Traceback (most recent call last):
  File "C:\Users\aishw\codered5\run_hospital_c_client_enhanced.py", line 139, in <module>
    main()
    ~~~~^^
  File "C:\Users\aishw\codered5\run_hospital_c_client_enhanced.py", line 136, in main
    fl.client.start_numpy_client(server_address="127.0.0.1:8081", client=client)
    ~~~~~~~~~~~~~~~~~~~~~~~~~~~~^^^^^^^^^^^^^^^^^^^^^^^^^^^^^^^^^^^^^^^^^^^^^^^^
  File "C:\Users\aishw\AppData\Roaming\Python\Python313\site-packages\flwr\compat\client\app.py", line 625, in start_numpy_client
    start_client(
    ~~~~~~~~~~~~^
        server_address=server_address,
        ^^^^^^^^^^^^^^^^^^^^^^^^^^^^^^
    ...<4 lines>...
        transport=transport,
        ^^^^^^^^^^^^^^^^^^^^
    )
    ^
  File "C:\Users\aishw\AppData\Roaming\Python\Python313\site-packages\flwr\compat\client\app.py", line 184, in start_client
    start_client_internal(
    ~~~~~~~~~~~~~~~~~~~~~^
        server_address=server_address,
        ^^^^^^^^^^^^^^^^^^^^^^^^^^^^^^
    ...<10 lines>...
        max_wait_time=max_wait_time,
        ^^^^^^^^^^^^^^^^^^^^^^^^^^^^
    )
    ^
  File "C:\Users\aishw\AppData\Roaming\Python\Python313\site-packages\flwr\compat\client\app.py", line 474, in start_client_internal
    raise ex
  File "C:\Users\aishw\AppData\Roaming\Python\Python313\site-packages\flwr\compat\client\app.py", line 467, in start_client_internal
    reply_message = client_app(message=message, context=context)
  File "C:\Users\aishw\AppData\Roaming\Python\Python313\site-packages\flwr\clientapp\client_app.py", line 143, in __call__
    return self._call(message, context)
           ~~~~~~~~~~^^^^^^^^^^^^^^^^^^
  File "C:\Users\aishw\AppData\Roaming\Python\Python313\site-packages\flwr\clientapp\client_app.py", line 127, in ffn
    out_message = handle_legacy_message_from_msgtype(
        client_fn=client_fn, message=message, context=context
    )
  File "C:\Users\aishw\AppData\Roaming\Python\Python313\site-packages\flwr\client\message_handler\message_handler.py", line 135, in handle_legacy_message_from_msgtype
    evaluate_res = maybe_call_evaluate(
        client=client,
        evaluate_ins=recorddict_to_evaluateins(message.content, keep_input=True),
    )
  File "C:\Users\aishw\AppData\Roaming\Python\Python313\site-packages\flwr\client\client.py", line 244, in maybe_call_evaluate
    return client.evaluate(evaluate_ins)
           ~~~~~~~~~~~~~~~^^^^^^^^^^^^^^
  File "C:\Users\aishw\AppData\Roaming\Python\Python313\site-packages\flwr\client\numpy_client.py", line 251, in _evaluate
    results = self.numpy_client.evaluate(parameters, ins.config)  # type: ignore
  File "C:\Users\aishw\codered5\run_hospital_c_client_enhanced.py", line 98, in evaluate
    total_loss += criterion(output, target).item()
                  ~~~~~~~~~^^^^^^^^^^^^^^^^
  File "C:\Users\aishw\AppData\Roaming\Python\Python313\site-packages\torch\nn\modules\module.py", line 1751, in _wrapped_call_impl
    return self._call_impl(*args, **kwargs)
           ~~~~~~~~~~~~~~~^^^^^^^^^^^^^^^^^
  File "C:\Users\aishw\AppData\Roaming\Python\Python313\site-packages\torch\nn\modules\module.py", line 1762, in _call_impl
    return forward_call(*args, **kwargs)
  File "C:\Users\aishw\AppData\Roaming\Python\Python313\site-packages\torch\nn\modules\loss.py", line 821, in forward
    return F.binary_cross_entropy_with_logits(
           ~~~~~~~~~~~~~~~~~~~~~~~~~~~~~~~~~~^
        input,
        ^^^^^^
    ...<3 lines>...
        reduction=self.reduction,
        ^^^^^^^^^^^^^^^^^^^^^^^^^
    )
    ^
  File "C:\Users\aishw\AppData\Roaming\Python\Python313\site-packages\torch\nn\functional.py", line 3639, in binary_cross_entropy_with_logits
    raise ValueError(
        f"Target size ({target.size()}) must be the same as input size ({input.size()})"
    )
ValueError: Target size (torch.Size([16, 14])) must be the same as input size (torch.Size([16, 5]))
